{"total": {"lines":{"total":51,"covered":48,"skipped":0,"pct":94.11},"statements":{"total":60,"covered":56,"skipped":0,"pct":93.33},"functions":{"total":28,"covered":28,"skipped":0,"pct":100},"branches":{"total":40,"covered":35,"skipped":0,"pct":87.5},"branchesTrue":{"total":0,"covered":0,"skipped":0,"pct":"Unknown"}}
,"/home/runner/work/gambit/gambit/src/rules/gambit.ts": {"lines":{"total":51,"covered":48,"skipped":0,"pct":94.11},"functions":{"total":28,"covered":28,"skipped":0,"pct":100},"statements":{"total":60,"covered":56,"skipped":0,"pct":93.33},"branches":{"total":40,"covered":35,"skipped":0,"pct":87.5}}
}
