{"total": {"lines":{"total":53,"covered":50,"skipped":0,"pct":94.33},"statements":{"total":62,"covered":58,"skipped":0,"pct":93.54},"functions":{"total":28,"covered":28,"skipped":0,"pct":100},"branches":{"total":40,"covered":35,"skipped":0,"pct":87.5},"branchesTrue":{"total":0,"covered":0,"skipped":0,"pct":"Unknown"}}
,"/home/runner/work/gambit/gambit/src/rules/gambit.ts": {"lines":{"total":53,"covered":50,"skipped":0,"pct":94.33},"functions":{"total":28,"covered":28,"skipped":0,"pct":100},"statements":{"total":62,"covered":58,"skipped":0,"pct":93.54},"branches":{"total":40,"covered":35,"skipped":0,"pct":87.5}}
}
