{"/home/runner/work/gambit/gambit/src/rules/gambit.ts": {"path":"/home/runner/work/gambit/gambit/src/rules/gambit.ts","statementMap":{"0":{"start":{"line":3,"column":27},"end":{"line":6,"column":1}},"1":{"start":{"line":5,"column":2},"end":{"line":5,"column":58}},"2":{"start":{"line":5,"column":38},"end":{"line":5,"column":48}},"3":{"start":{"line":11,"column":10},"end":{"line":37,"column":4}},"4":{"start":{"line":12,"column":32},"end":{"line":12,"column":58}},"5":{"start":{"line":12,"column":54},"end":{"line":12,"column":57}},"6":{"start":{"line":13,"column":31},"end":{"line":13,"column":56}},"7":{"start":{"line":13,"column":52},"end":{"line":13,"column":55}},"8":{"start":{"line":15,"column":30},"end":{"line":15,"column":36}},"9":{"start":{"line":16,"column":6},"end":{"line":16,"column":30}},"10":{"start":{"line":19,"column":22},"end":{"line":19,"column":28}},"11":{"start":{"line":20,"column":6},"end":{"line":20,"column":20}},"12":{"start":{"line":23,"column":30},"end":{"line":23,"column":36}},"13":{"start":{"line":24,"column":6},"end":{"line":24,"column":40}},"14":{"start":{"line":24,"column":27},"end":{"line":24,"column":40}},"15":{"start":{"line":25,"column":6},"end":{"line":25,"column":18}},"16":{"start":{"line":28,"column":30},"end":{"line":28,"column":36}},"17":{"start":{"line":29,"column":6},"end":{"line":29,"column":31}},"18":{"start":{"line":32,"column":6},"end":{"line":33,"column":20}},"19":{"start":{"line":32,"column":32},"end":{"line":32,"column":35}},"20":{"start":{"line":32,"column":62},"end":{"line":32,"column":66}},"21":{"start":{"line":33,"column":8},"end":{"line":33,"column":20}},"22":{"start":{"line":35,"column":6},"end":{"line":35,"column":19}},"23":{"start":{"line":39,"column":10},"end":{"line":74,"column":4}},"24":{"start":{"line":41,"column":6},"end":{"line":42,"column":65}},"25":{"start":{"line":42,"column":8},"end":{"line":42,"column":65}},"26":{"start":{"line":44,"column":6},"end":{"line":44,"column":31}},"27":{"start":{"line":47,"column":6},"end":{"line":48,"column":66}},"28":{"start":{"line":48,"column":8},"end":{"line":48,"column":66}},"29":{"start":{"line":50,"column":6},"end":{"line":50,"column":32}},"30":{"start":{"line":53,"column":6},"end":{"line":53,"column":75}},"31":{"start":{"line":53,"column":40},"end":{"line":53,"column":75}},"32":{"start":{"line":55,"column":6},"end":{"line":55,"column":19}},"33":{"start":{"line":58,"column":6},"end":{"line":58,"column":73}},"34":{"start":{"line":58,"column":40},"end":{"line":58,"column":73}},"35":{"start":{"line":60,"column":6},"end":{"line":60,"column":19}},"36":{"start":{"line":63,"column":6},"end":{"line":64,"column":41}},"37":{"start":{"line":64,"column":8},"end":{"line":64,"column":41}},"38":{"start":{"line":66,"column":6},"end":{"line":66,"column":19}},"39":{"start":{"line":68,"column":63},"end":{"line":68,"column":79}},"40":{"start":{"line":70,"column":6},"end":{"line":70,"column":23}},"41":{"start":{"line":72,"column":6},"end":{"line":72,"column":23}},"42":{"start":{"line":73,"column":60},"end":{"line":73,"column":76}},"43":{"start":{"line":77,"column":4},"end":{"line":77,"column":24}},"44":{"start":{"line":81,"column":4},"end":{"line":107,"column":7}},"45":{"start":{"line":82,"column":28},"end":{"line":100,"column":8}},"46":{"start":{"line":84,"column":24},"end":{"line":84,"column":50}},"47":{"start":{"line":85,"column":21},"end":{"line":85,"column":47}},"48":{"start":{"line":88,"column":25},"end":{"line":88,"column":55}},"49":{"start":{"line":91,"column":8},"end":{"line":98,"column":null}},"50":{"start":{"line":92,"column":10},"end":{"line":95,"column":14}},"51":{"start":{"line":93,"column":12},"end":{"line":95,"column":14}},"52":{"start":{"line":94,"column":14},"end":{"line":94,"column":58}},"53":{"start":{"line":97,"column":10},"end":{"line":97,"column":70}},"54":{"start":{"line":99,"column":8},"end":{"line":99,"column":21}},"55":{"start":{"line":102,"column":6},"end":{"line":104,"column":null}},"56":{"start":{"line":103,"column":8},"end":{"line":103,"column":66}},"57":{"start":{"line":106,"column":6},"end":{"line":106,"column":61}},"58":{"start":{"line":106,"column":45},"end":{"line":106,"column":51}},"59":{"start":{"line":8,"column":0},"end":{"line":8,"column":21}}},"fnMap":{"0":{"name":"(anonymous_0)","decl":{"start":{"line":3,"column":27},"end":{"line":3,"column":28}},"loc":{"start":{"line":3,"column":67},"end":{"line":6,"column":1}}},"1":{"name":"(anonymous_1)","decl":{"start":{"line":5,"column":24},"end":{"line":5,"column":25}},"loc":{"start":{"line":5,"column":38},"end":{"line":5,"column":48}}},"2":{"name":"(anonymous_2)","decl":{"start":{"line":76,"column":2},"end":{"line":76,"column":14}},"loc":{"start":{"line":76,"column":41},"end":{"line":78,"column":3}}},"3":{"name":"(anonymous_3)","decl":{"start":{"line":12,"column":9},"end":{"line":12,"column":10}},"loc":{"start":{"line":12,"column":32},"end":{"line":12,"column":58}}},"4":{"name":"(anonymous_4)","decl":{"start":{"line":12,"column":45},"end":{"line":12,"column":46}},"loc":{"start":{"line":12,"column":54},"end":{"line":12,"column":57}}},"5":{"name":"(anonymous_5)","decl":{"start":{"line":13,"column":8},"end":{"line":13,"column":9}},"loc":{"start":{"line":13,"column":31},"end":{"line":13,"column":56}}},"6":{"name":"(anonymous_6)","decl":{"start":{"line":13,"column":43},"end":{"line":13,"column":44}},"loc":{"start":{"line":13,"column":52},"end":{"line":13,"column":55}}},"7":{"name":"(anonymous_7)","decl":{"start":{"line":14,"column":9},"end":{"line":14,"column":10}},"loc":{"start":{"line":14,"column":31},"end":{"line":17,"column":5}}},"8":{"name":"(anonymous_8)","decl":{"start":{"line":18,"column":9},"end":{"line":18,"column":10}},"loc":{"start":{"line":18,"column":31},"end":{"line":21,"column":5}}},"9":{"name":"(anonymous_9)","decl":{"start":{"line":22,"column":10},"end":{"line":22,"column":11}},"loc":{"start":{"line":22,"column":32},"end":{"line":26,"column":5}}},"10":{"name":"(anonymous_10)","decl":{"start":{"line":27,"column":9},"end":{"line":27,"column":10}},"loc":{"start":{"line":27,"column":31},"end":{"line":30,"column":5}}},"11":{"name":"(anonymous_11)","decl":{"start":{"line":31,"column":10},"end":{"line":31,"column":11}},"loc":{"start":{"line":31,"column":32},"end":{"line":36,"column":5}}},"12":{"name":"(anonymous_12)","decl":{"start":{"line":32,"column":23},"end":{"line":32,"column":24}},"loc":{"start":{"line":32,"column":32},"end":{"line":32,"column":35}}},"13":{"name":"(anonymous_13)","decl":{"start":{"line":32,"column":53},"end":{"line":32,"column":54}},"loc":{"start":{"line":32,"column":62},"end":{"line":32,"column":66}}},"14":{"name":"(anonymous_14)","decl":{"start":{"line":40,"column":12},"end":{"line":40,"column":13}},"loc":{"start":{"line":40,"column":57},"end":{"line":45,"column":5}}},"15":{"name":"(anonymous_15)","decl":{"start":{"line":46,"column":18},"end":{"line":46,"column":19}},"loc":{"start":{"line":46,"column":63},"end":{"line":51,"column":5}}},"16":{"name":"(anonymous_16)","decl":{"start":{"line":52,"column":16},"end":{"line":52,"column":17}},"loc":{"start":{"line":52,"column":58},"end":{"line":56,"column":5}}},"17":{"name":"(anonymous_17)","decl":{"start":{"line":57,"column":14},"end":{"line":57,"column":15}},"loc":{"start":{"line":57,"column":56},"end":{"line":61,"column":5}}},"18":{"name":"(anonymous_18)","decl":{"start":{"line":62,"column":14},"end":{"line":62,"column":15}},"loc":{"start":{"line":62,"column":56},"end":{"line":67,"column":5}}},"19":{"name":"(anonymous_19)","decl":{"start":{"line":68,"column":17},"end":{"line":68,"column":18}},"loc":{"start":{"line":68,"column":63},"end":{"line":68,"column":79}}},"20":{"name":"(anonymous_20)","decl":{"start":{"line":69,"column":26},"end":{"line":69,"column":27}},"loc":{"start":{"line":70,"column":6},"end":{"line":70,"column":23}}},"21":{"name":"(anonymous_21)","decl":{"start":{"line":71,"column":23},"end":{"line":71,"column":24}},"loc":{"start":{"line":72,"column":6},"end":{"line":72,"column":23}}},"22":{"name":"(anonymous_22)","decl":{"start":{"line":73,"column":14},"end":{"line":73,"column":15}},"loc":{"start":{"line":73,"column":60},"end":{"line":73,"column":76}}},"23":{"name":"(anonymous_23)","decl":{"start":{"line":80,"column":2},"end":{"line":80,"column":10}},"loc":{"start":{"line":80,"column":22},"end":{"line":108,"column":3}}},"24":{"name":"(anonymous_24)","decl":{"start":{"line":81,"column":28},"end":{"line":81,"column":29}},"loc":{"start":{"line":81,"column":37},"end":{"line":107,"column":5}}},"25":{"name":"(anonymous_25)","decl":{"start":{"line":82,"column":45},"end":{"line":82,"column":46}},"loc":{"start":{"line":82,"column":56},"end":{"line":100,"column":7}}},"26":{"name":"(anonymous_26)","decl":{"start":{"line":93,"column":39},"end":{"line":93,"column":40}},"loc":{"start":{"line":94,"column":14},"end":{"line":94,"column":58}}},"27":{"name":"(anonymous_27)","decl":{"start":{"line":106,"column":33},"end":{"line":106,"column":34}},"loc":{"start":{"line":106,"column":45},"end":{"line":106,"column":51}}}},"branchMap":{"0":{"loc":{"start":{"line":5,"column":38},"end":{"line":5,"column":48}},"type":"cond-expr","locations":[{"start":{"line":5,"column":41},"end":{"line":5,"column":44}},{"start":{"line":5,"column":38},"end":{"line":5,"column":48}}]},"1":{"loc":{"start":{"line":5,"column":38},"end":{"line":5,"column":44}},"type":"binary-expr","locations":[{"start":{"line":5,"column":38},"end":{"line":5,"column":44}},{"start":{"line":5,"column":38},"end":{"line":5,"column":44}}]},"2":{"loc":{"start":{"line":24,"column":6},"end":{"line":24,"column":40}},"type":"if","locations":[{"start":{"line":24,"column":6},"end":{"line":24,"column":40}}]},"3":{"loc":{"start":{"line":24,"column":10},"end":{"line":24,"column":25}},"type":"binary-expr","locations":[{"start":{"line":24,"column":10},"end":{"line":24,"column":15}},{"start":{"line":24,"column":19},"end":{"line":24,"column":25}}]},"4":{"loc":{"start":{"line":29,"column":13},"end":{"line":29,"column":30}},"type":"binary-expr","locations":[{"start":{"line":29,"column":13},"end":{"line":29,"column":19}},{"start":{"line":29,"column":23},"end":{"line":29,"column":30}}]},"5":{"loc":{"start":{"line":32,"column":6},"end":{"line":33,"column":20}},"type":"if","locations":[{"start":{"line":32,"column":6},"end":{"line":33,"column":20}}]},"6":{"loc":{"start":{"line":32,"column":10},"end":{"line":32,"column":67}},"type":"binary-expr","locations":[{"start":{"line":32,"column":10},"end":{"line":32,"column":36}},{"start":{"line":32,"column":40},"end":{"line":32,"column":67}}]},"7":{"loc":{"start":{"line":41,"column":6},"end":{"line":42,"column":65}},"type":"if","locations":[{"start":{"line":41,"column":6},"end":{"line":42,"column":65}}]},"8":{"loc":{"start":{"line":47,"column":6},"end":{"line":48,"column":66}},"type":"if","locations":[{"start":{"line":47,"column":6},"end":{"line":48,"column":66}}]},"9":{"loc":{"start":{"line":53,"column":6},"end":{"line":53,"column":75}},"type":"if","locations":[{"start":{"line":53,"column":6},"end":{"line":53,"column":75}}]},"10":{"loc":{"start":{"line":53,"column":47},"end":{"line":53,"column":74}},"type":"cond-expr","locations":[{"start":{"line":53,"column":55},"end":{"line":53,"column":57}},{"start":{"line":53,"column":47},"end":{"line":53,"column":74}}]},"11":{"loc":{"start":{"line":53,"column":47},"end":{"line":53,"column":57}},"type":"binary-expr","locations":[{"start":{"line":53,"column":47},"end":{"line":53,"column":57}},{"start":{"line":53,"column":47},"end":{"line":53,"column":57}}]},"12":{"loc":{"start":{"line":58,"column":6},"end":{"line":58,"column":73}},"type":"if","locations":[{"start":{"line":58,"column":6},"end":{"line":58,"column":73}}]},"13":{"loc":{"start":{"line":58,"column":47},"end":{"line":58,"column":72}},"type":"cond-expr","locations":[{"start":{"line":58,"column":55},"end":{"line":58,"column":57}},{"start":{"line":58,"column":47},"end":{"line":58,"column":72}}]},"14":{"loc":{"start":{"line":58,"column":47},"end":{"line":58,"column":57}},"type":"binary-expr","locations":[{"start":{"line":58,"column":47},"end":{"line":58,"column":57}},{"start":{"line":58,"column":47},"end":{"line":58,"column":57}}]},"15":{"loc":{"start":{"line":63,"column":6},"end":{"line":64,"column":41}},"type":"if","locations":[{"start":{"line":63,"column":6},"end":{"line":64,"column":41}}]},"16":{"loc":{"start":{"line":63,"column":10},"end":{"line":63,"column":65}},"type":"binary-expr","locations":[{"start":{"line":63,"column":10},"end":{"line":63,"column":38}},{"start":{"line":63,"column":42},"end":{"line":63,"column":65}}]},"17":{"loc":{"start":{"line":64,"column":15},"end":{"line":64,"column":40}},"type":"cond-expr","locations":[{"start":{"line":64,"column":23},"end":{"line":64,"column":25}},{"start":{"line":64,"column":15},"end":{"line":64,"column":40}}]},"18":{"loc":{"start":{"line":64,"column":15},"end":{"line":64,"column":25}},"type":"binary-expr","locations":[{"start":{"line":64,"column":15},"end":{"line":64,"column":25}},{"start":{"line":64,"column":15},"end":{"line":64,"column":25}}]},"19":{"loc":{"start":{"line":91,"column":8},"end":{"line":98,"column":null}},"type":"if","locations":[{"start":{"line":91,"column":8},"end":{"line":98,"column":null}}]},"20":{"loc":{"start":{"line":92,"column":10},"end":{"line":95,"column":14}},"type":"if","locations":[{"start":{"line":92,"column":10},"end":{"line":95,"column":14}}]},"21":{"loc":{"start":{"line":102,"column":6},"end":{"line":104,"column":null}},"type":"if","locations":[{"start":{"line":102,"column":6},"end":{"line":104,"column":null}}]},"22":{"loc":{"start":{"line":102,"column":10},"end":{"line":102,"column":36}},"type":"binary-expr","locations":[{"start":{"line":102,"column":10},"end":{"line":102,"column":23}},{"start":{"line":102,"column":27},"end":{"line":102,"column":36}}]},"23":{"loc":{"start":{"line":103,"column":15},"end":{"line":103,"column":65}},"type":"binary-expr","locations":[{"start":{"line":103,"column":15},"end":{"line":103,"column":57}},{"start":{"line":103,"column":61},"end":{"line":103,"column":65}}]},"24":{"loc":{"start":{"line":106,"column":13},"end":{"line":106,"column":60}},"type":"binary-expr","locations":[{"start":{"line":106,"column":13},"end":{"line":106,"column":52}},{"start":{"line":106,"column":56},"end":{"line":106,"column":60}}]}},"s":{"0":1,"1":80,"2":138,"3":4,"4":4,"5":6,"6":3,"7":6,"8":2,"9":2,"10":1,"11":1,"12":1,"13":1,"14":0,"15":1,"16":2,"17":2,"18":3,"19":4,"20":4,"21":1,"22":2,"23":4,"24":31,"25":1,"26":30,"27":2,"28":1,"29":1,"30":4,"31":4,"32":0,"33":2,"34":2,"35":0,"36":12,"37":12,"38":0,"39":1,"40":1,"41":2,"42":1,"43":4,"44":19,"45":61,"46":80,"47":80,"48":80,"49":80,"50":56,"51":1,"52":1,"53":55,"54":24,"55":61,"56":16,"57":45,"58":45,"59":1},"f":{"0":80,"1":138,"2":4,"3":4,"4":6,"5":3,"6":6,"7":2,"8":1,"9":1,"10":2,"11":3,"12":4,"13":4,"14":31,"15":2,"16":4,"17":2,"18":12,"19":1,"20":1,"21":2,"22":1,"23":19,"24":61,"25":80,"26":1,"27":45},"b":{"0":[29,109],"1":[138,138],"2":[0],"3":[1,0],"4":[2,1],"5":[1],"6":[3,2],"7":[1],"8":[1],"9":[4],"10":[0,4],"11":[4,4],"12":[2],"13":[0,2],"14":[2,2],"15":[12],"16":[12,2],"17":[0,12],"18":[12,12],"19":[56],"20":[1],"21":[16],"22":[61,61],"23":[16,7],"24":[45,11]}}
}
