{"/home/runner/work/gambit/gambit/src/proofs/gambit.ts": {"path":"/home/runner/work/gambit/gambit/src/proofs/gambit.ts","statementMap":{"0":{"start":{"line":1,"column":0},"end":{"line":1,"column":48}},"1":{"start":{"line":4,"column":27},"end":{"line":15,"column":1}},"2":{"start":{"line":5,"column":2},"end":{"line":14,"column":13}},"3":{"start":{"line":7,"column":4},"end":{"line":11,"column":null}},"4":{"start":{"line":8,"column":20},"end":{"line":8,"column":46}},"5":{"start":{"line":9,"column":23},"end":{"line":9,"column":52}},"6":{"start":{"line":10,"column":6},"end":{"line":10,"column":38}},"7":{"start":{"line":13,"column":4},"end":{"line":13,"column":22}},"8":{"start":{"line":20,"column":10},"end":{"line":46,"column":4}},"9":{"start":{"line":21,"column":32},"end":{"line":21,"column":58}},"10":{"start":{"line":21,"column":54},"end":{"line":21,"column":57}},"11":{"start":{"line":22,"column":31},"end":{"line":22,"column":56}},"12":{"start":{"line":22,"column":52},"end":{"line":22,"column":55}},"13":{"start":{"line":24,"column":30},"end":{"line":24,"column":36}},"14":{"start":{"line":25,"column":6},"end":{"line":25,"column":30}},"15":{"start":{"line":28,"column":22},"end":{"line":28,"column":28}},"16":{"start":{"line":29,"column":6},"end":{"line":29,"column":20}},"17":{"start":{"line":32,"column":30},"end":{"line":32,"column":36}},"18":{"start":{"line":33,"column":6},"end":{"line":33,"column":40}},"19":{"start":{"line":33,"column":27},"end":{"line":33,"column":40}},"20":{"start":{"line":34,"column":6},"end":{"line":34,"column":18}},"21":{"start":{"line":37,"column":30},"end":{"line":37,"column":36}},"22":{"start":{"line":38,"column":6},"end":{"line":38,"column":31}},"23":{"start":{"line":41,"column":6},"end":{"line":42,"column":20}},"24":{"start":{"line":41,"column":32},"end":{"line":41,"column":35}},"25":{"start":{"line":41,"column":62},"end":{"line":41,"column":66}},"26":{"start":{"line":42,"column":8},"end":{"line":42,"column":20}},"27":{"start":{"line":44,"column":6},"end":{"line":44,"column":19}},"28":{"start":{"line":48,"column":10},"end":{"line":83,"column":4}},"29":{"start":{"line":50,"column":6},"end":{"line":51,"column":65}},"30":{"start":{"line":51,"column":8},"end":{"line":51,"column":65}},"31":{"start":{"line":53,"column":6},"end":{"line":53,"column":31}},"32":{"start":{"line":56,"column":6},"end":{"line":57,"column":66}},"33":{"start":{"line":57,"column":8},"end":{"line":57,"column":66}},"34":{"start":{"line":59,"column":6},"end":{"line":59,"column":32}},"35":{"start":{"line":62,"column":6},"end":{"line":62,"column":75}},"36":{"start":{"line":62,"column":40},"end":{"line":62,"column":75}},"37":{"start":{"line":64,"column":6},"end":{"line":64,"column":19}},"38":{"start":{"line":67,"column":6},"end":{"line":67,"column":73}},"39":{"start":{"line":67,"column":40},"end":{"line":67,"column":73}},"40":{"start":{"line":69,"column":6},"end":{"line":69,"column":19}},"41":{"start":{"line":72,"column":6},"end":{"line":73,"column":41}},"42":{"start":{"line":73,"column":8},"end":{"line":73,"column":41}},"43":{"start":{"line":75,"column":6},"end":{"line":75,"column":19}},"44":{"start":{"line":77,"column":63},"end":{"line":77,"column":79}},"45":{"start":{"line":79,"column":6},"end":{"line":79,"column":23}},"46":{"start":{"line":81,"column":6},"end":{"line":81,"column":23}},"47":{"start":{"line":82,"column":60},"end":{"line":82,"column":76}},"48":{"start":{"line":86,"column":4},"end":{"line":86,"column":26}},"49":{"start":{"line":91,"column":4},"end":{"line":117,"column":7}},"50":{"start":{"line":92,"column":28},"end":{"line":110,"column":8}},"51":{"start":{"line":94,"column":24},"end":{"line":94,"column":50}},"52":{"start":{"line":95,"column":21},"end":{"line":95,"column":50}},"53":{"start":{"line":98,"column":25},"end":{"line":98,"column":55}},"54":{"start":{"line":101,"column":8},"end":{"line":108,"column":null}},"55":{"start":{"line":102,"column":10},"end":{"line":105,"column":14}},"56":{"start":{"line":103,"column":12},"end":{"line":105,"column":14}},"57":{"start":{"line":104,"column":14},"end":{"line":104,"column":61}},"58":{"start":{"line":107,"column":10},"end":{"line":107,"column":75}},"59":{"start":{"line":109,"column":8},"end":{"line":109,"column":21}},"60":{"start":{"line":112,"column":6},"end":{"line":114,"column":null}},"61":{"start":{"line":113,"column":8},"end":{"line":113,"column":73}},"62":{"start":{"line":116,"column":6},"end":{"line":116,"column":62}},"63":{"start":{"line":116,"column":45},"end":{"line":116,"column":51}},"64":{"start":{"line":90,"column":2},"end":{"line":118,"column":null}},"65":{"start":{"line":17,"column":0},"end":{"line":17,"column":21}}},"fnMap":{"0":{"name":"(anonymous_2)","decl":{"start":{"line":4,"column":27},"end":{"line":4,"column":28}},"loc":{"start":{"line":4,"column":67},"end":{"line":15,"column":1}}},"1":{"name":"(anonymous_3)","decl":{"start":{"line":5,"column":24},"end":{"line":5,"column":25}},"loc":{"start":{"line":5,"column":37},"end":{"line":14,"column":3}}},"2":{"name":"(anonymous_4)","decl":{"start":{"line":85,"column":2},"end":{"line":85,"column":14}},"loc":{"start":{"line":85,"column":43},"end":{"line":87,"column":3}}},"3":{"name":"(anonymous_5)","decl":{"start":{"line":21,"column":9},"end":{"line":21,"column":10}},"loc":{"start":{"line":21,"column":32},"end":{"line":21,"column":58}}},"4":{"name":"(anonymous_6)","decl":{"start":{"line":21,"column":45},"end":{"line":21,"column":46}},"loc":{"start":{"line":21,"column":54},"end":{"line":21,"column":57}}},"5":{"name":"(anonymous_7)","decl":{"start":{"line":22,"column":8},"end":{"line":22,"column":9}},"loc":{"start":{"line":22,"column":31},"end":{"line":22,"column":56}}},"6":{"name":"(anonymous_8)","decl":{"start":{"line":22,"column":43},"end":{"line":22,"column":44}},"loc":{"start":{"line":22,"column":52},"end":{"line":22,"column":55}}},"7":{"name":"(anonymous_9)","decl":{"start":{"line":23,"column":9},"end":{"line":23,"column":10}},"loc":{"start":{"line":23,"column":31},"end":{"line":26,"column":5}}},"8":{"name":"(anonymous_10)","decl":{"start":{"line":27,"column":9},"end":{"line":27,"column":10}},"loc":{"start":{"line":27,"column":31},"end":{"line":30,"column":5}}},"9":{"name":"(anonymous_11)","decl":{"start":{"line":31,"column":10},"end":{"line":31,"column":11}},"loc":{"start":{"line":31,"column":32},"end":{"line":35,"column":5}}},"10":{"name":"(anonymous_12)","decl":{"start":{"line":36,"column":9},"end":{"line":36,"column":10}},"loc":{"start":{"line":36,"column":31},"end":{"line":39,"column":5}}},"11":{"name":"(anonymous_13)","decl":{"start":{"line":40,"column":10},"end":{"line":40,"column":11}},"loc":{"start":{"line":40,"column":32},"end":{"line":45,"column":5}}},"12":{"name":"(anonymous_14)","decl":{"start":{"line":41,"column":23},"end":{"line":41,"column":24}},"loc":{"start":{"line":41,"column":32},"end":{"line":41,"column":35}}},"13":{"name":"(anonymous_15)","decl":{"start":{"line":41,"column":53},"end":{"line":41,"column":54}},"loc":{"start":{"line":41,"column":62},"end":{"line":41,"column":66}}},"14":{"name":"(anonymous_16)","decl":{"start":{"line":49,"column":12},"end":{"line":49,"column":13}},"loc":{"start":{"line":49,"column":57},"end":{"line":54,"column":5}}},"15":{"name":"(anonymous_17)","decl":{"start":{"line":55,"column":18},"end":{"line":55,"column":19}},"loc":{"start":{"line":55,"column":63},"end":{"line":60,"column":5}}},"16":{"name":"(anonymous_18)","decl":{"start":{"line":61,"column":16},"end":{"line":61,"column":17}},"loc":{"start":{"line":61,"column":58},"end":{"line":65,"column":5}}},"17":{"name":"(anonymous_19)","decl":{"start":{"line":66,"column":14},"end":{"line":66,"column":15}},"loc":{"start":{"line":66,"column":56},"end":{"line":70,"column":5}}},"18":{"name":"(anonymous_20)","decl":{"start":{"line":71,"column":14},"end":{"line":71,"column":15}},"loc":{"start":{"line":71,"column":56},"end":{"line":76,"column":5}}},"19":{"name":"(anonymous_21)","decl":{"start":{"line":77,"column":17},"end":{"line":77,"column":18}},"loc":{"start":{"line":77,"column":63},"end":{"line":77,"column":79}}},"20":{"name":"(anonymous_22)","decl":{"start":{"line":78,"column":26},"end":{"line":78,"column":27}},"loc":{"start":{"line":79,"column":6},"end":{"line":79,"column":23}}},"21":{"name":"(anonymous_23)","decl":{"start":{"line":80,"column":23},"end":{"line":80,"column":24}},"loc":{"start":{"line":81,"column":6},"end":{"line":81,"column":23}}},"22":{"name":"(anonymous_24)","decl":{"start":{"line":82,"column":14},"end":{"line":82,"column":15}},"loc":{"start":{"line":82,"column":60},"end":{"line":82,"column":76}}},"23":{"name":"(anonymous_25)","decl":{"start":{"line":90,"column":2},"end":{"line":90,"column":10}},"loc":{"start":{"line":90,"column":22},"end":{"line":118,"column":3}}},"24":{"name":"(anonymous_26)","decl":{"start":{"line":91,"column":29},"end":{"line":91,"column":30}},"loc":{"start":{"line":91,"column":39},"end":{"line":117,"column":5}}},"25":{"name":"(anonymous_27)","decl":{"start":{"line":92,"column":49},"end":{"line":92,"column":50}},"loc":{"start":{"line":92,"column":63},"end":{"line":110,"column":7}}},"26":{"name":"(anonymous_28)","decl":{"start":{"line":103,"column":41},"end":{"line":103,"column":42}},"loc":{"start":{"line":104,"column":14},"end":{"line":104,"column":61}}},"27":{"name":"(anonymous_29)","decl":{"start":{"line":116,"column":33},"end":{"line":116,"column":34}},"loc":{"start":{"line":116,"column":45},"end":{"line":116,"column":51}}}},"branchMap":{"0":{"loc":{"start":{"line":7,"column":4},"end":{"line":11,"column":null}},"type":"if","locations":[{"start":{"line":7,"column":4},"end":{"line":11,"column":null}}]},"1":{"loc":{"start":{"line":10,"column":13},"end":{"line":10,"column":37}},"type":"cond-expr","locations":[{"start":{"line":10,"column":28},"end":{"line":10,"column":31}},{"start":{"line":10,"column":28},"end":{"line":10,"column":37}}]},"2":{"loc":{"start":{"line":10,"column":13},"end":{"line":10,"column":31}},"type":"binary-expr","locations":[{"start":{"line":10,"column":13},"end":{"line":10,"column":31}},{"start":{"line":10,"column":28},"end":{"line":10,"column":31}}]},"3":{"loc":{"start":{"line":10,"column":13},"end":{"line":10,"column":28}},"type":"cond-expr","locations":[{"start":{"line":10,"column":16},"end":{"line":10,"column":19}},{"start":{"line":10,"column":13},"end":{"line":10,"column":28}}]},"4":{"loc":{"start":{"line":10,"column":13},"end":{"line":10,"column":19}},"type":"binary-expr","locations":[{"start":{"line":10,"column":13},"end":{"line":10,"column":19}},{"start":{"line":10,"column":13},"end":{"line":10,"column":19}}]},"5":{"loc":{"start":{"line":13,"column":11},"end":{"line":13,"column":21}},"type":"cond-expr","locations":[{"start":{"line":13,"column":14},"end":{"line":13,"column":17}},{"start":{"line":13,"column":11},"end":{"line":13,"column":21}}]},"6":{"loc":{"start":{"line":13,"column":11},"end":{"line":13,"column":17}},"type":"binary-expr","locations":[{"start":{"line":13,"column":11},"end":{"line":13,"column":17}},{"start":{"line":13,"column":11},"end":{"line":13,"column":17}}]},"7":{"loc":{"start":{"line":33,"column":6},"end":{"line":33,"column":40}},"type":"if","locations":[{"start":{"line":33,"column":6},"end":{"line":33,"column":40}}]},"8":{"loc":{"start":{"line":33,"column":10},"end":{"line":33,"column":25}},"type":"binary-expr","locations":[{"start":{"line":33,"column":10},"end":{"line":33,"column":15}},{"start":{"line":33,"column":19},"end":{"line":33,"column":25}}]},"9":{"loc":{"start":{"line":38,"column":13},"end":{"line":38,"column":30}},"type":"binary-expr","locations":[{"start":{"line":38,"column":13},"end":{"line":38,"column":19}},{"start":{"line":38,"column":23},"end":{"line":38,"column":30}}]},"10":{"loc":{"start":{"line":41,"column":6},"end":{"line":42,"column":20}},"type":"if","locations":[{"start":{"line":41,"column":6},"end":{"line":42,"column":20}}]},"11":{"loc":{"start":{"line":41,"column":10},"end":{"line":41,"column":67}},"type":"binary-expr","locations":[{"start":{"line":41,"column":10},"end":{"line":41,"column":36}},{"start":{"line":41,"column":40},"end":{"line":41,"column":67}}]},"12":{"loc":{"start":{"line":50,"column":6},"end":{"line":51,"column":65}},"type":"if","locations":[{"start":{"line":50,"column":6},"end":{"line":51,"column":65}}]},"13":{"loc":{"start":{"line":56,"column":6},"end":{"line":57,"column":66}},"type":"if","locations":[{"start":{"line":56,"column":6},"end":{"line":57,"column":66}}]},"14":{"loc":{"start":{"line":62,"column":6},"end":{"line":62,"column":75}},"type":"if","locations":[{"start":{"line":62,"column":6},"end":{"line":62,"column":75}}]},"15":{"loc":{"start":{"line":62,"column":47},"end":{"line":62,"column":74}},"type":"cond-expr","locations":[{"start":{"line":62,"column":55},"end":{"line":62,"column":57}},{"start":{"line":62,"column":47},"end":{"line":62,"column":74}}]},"16":{"loc":{"start":{"line":62,"column":47},"end":{"line":62,"column":57}},"type":"binary-expr","locations":[{"start":{"line":62,"column":47},"end":{"line":62,"column":57}},{"start":{"line":62,"column":47},"end":{"line":62,"column":57}}]},"17":{"loc":{"start":{"line":67,"column":6},"end":{"line":67,"column":73}},"type":"if","locations":[{"start":{"line":67,"column":6},"end":{"line":67,"column":73}}]},"18":{"loc":{"start":{"line":67,"column":47},"end":{"line":67,"column":72}},"type":"cond-expr","locations":[{"start":{"line":67,"column":55},"end":{"line":67,"column":57}},{"start":{"line":67,"column":47},"end":{"line":67,"column":72}}]},"19":{"loc":{"start":{"line":67,"column":47},"end":{"line":67,"column":57}},"type":"binary-expr","locations":[{"start":{"line":67,"column":47},"end":{"line":67,"column":57}},{"start":{"line":67,"column":47},"end":{"line":67,"column":57}}]},"20":{"loc":{"start":{"line":72,"column":6},"end":{"line":73,"column":41}},"type":"if","locations":[{"start":{"line":72,"column":6},"end":{"line":73,"column":41}}]},"21":{"loc":{"start":{"line":72,"column":10},"end":{"line":72,"column":65}},"type":"binary-expr","locations":[{"start":{"line":72,"column":10},"end":{"line":72,"column":38}},{"start":{"line":72,"column":42},"end":{"line":72,"column":65}}]},"22":{"loc":{"start":{"line":73,"column":15},"end":{"line":73,"column":40}},"type":"cond-expr","locations":[{"start":{"line":73,"column":23},"end":{"line":73,"column":25}},{"start":{"line":73,"column":15},"end":{"line":73,"column":40}}]},"23":{"loc":{"start":{"line":73,"column":15},"end":{"line":73,"column":25}},"type":"binary-expr","locations":[{"start":{"line":73,"column":15},"end":{"line":73,"column":25}},{"start":{"line":73,"column":15},"end":{"line":73,"column":25}}]},"24":{"loc":{"start":{"line":101,"column":8},"end":{"line":108,"column":null}},"type":"if","locations":[{"start":{"line":101,"column":8},"end":{"line":108,"column":null}}]},"25":{"loc":{"start":{"line":102,"column":10},"end":{"line":105,"column":14}},"type":"if","locations":[{"start":{"line":102,"column":10},"end":{"line":105,"column":14}}]},"26":{"loc":{"start":{"line":112,"column":6},"end":{"line":114,"column":null}},"type":"if","locations":[{"start":{"line":112,"column":6},"end":{"line":114,"column":null}}]},"27":{"loc":{"start":{"line":112,"column":10},"end":{"line":112,"column":42}},"type":"binary-expr","locations":[{"start":{"line":112,"column":10},"end":{"line":112,"column":23}},{"start":{"line":112,"column":27},"end":{"line":112,"column":42}}]},"28":{"loc":{"start":{"line":113,"column":15},"end":{"line":113,"column":72}},"type":"binary-expr","locations":[{"start":{"line":113,"column":15},"end":{"line":113,"column":63}},{"start":{"line":113,"column":67},"end":{"line":113,"column":72}}]},"29":{"loc":{"start":{"line":116,"column":13},"end":{"line":116,"column":61}},"type":"binary-expr","locations":[{"start":{"line":116,"column":13},"end":{"line":116,"column":52}},{"start":{"line":116,"column":56},"end":{"line":116,"column":61}}]}},"s":{"0":1,"1":1,"2":88,"3":162,"4":8,"5":8,"6":8,"7":154,"8":5,"9":4,"10":6,"11":3,"12":6,"13":2,"14":2,"15":1,"16":1,"17":1,"18":1,"19":0,"20":1,"21":2,"22":2,"23":3,"24":4,"25":4,"26":1,"27":2,"28":5,"29":34,"30":1,"31":33,"32":2,"33":1,"34":1,"35":4,"36":4,"37":0,"38":2,"39":2,"40":0,"41":12,"42":12,"43":0,"44":1,"45":1,"46":2,"47":1,"48":5,"49":23,"50":69,"51":88,"52":88,"53":88,"54":88,"55":59,"56":1,"57":1,"58":58,"59":29,"60":69,"61":16,"62":53,"63":53,"64":1,"65":1},"f":{"0":88,"1":162,"2":5,"3":4,"4":6,"5":3,"6":6,"7":2,"8":1,"9":1,"10":2,"11":3,"12":4,"13":4,"14":34,"15":2,"16":4,"17":2,"18":12,"19":1,"20":1,"21":2,"22":1,"23":23,"24":69,"25":88,"26":1,"27":53},"b":{"0":[8],"1":[3,5],"2":[8,8],"3":[0,8],"4":[8,8],"5":[30,124],"6":[154,154],"7":[0],"8":[1,0],"9":[2,1],"10":[1],"11":[3,2],"12":[1],"13":[1],"14":[4],"15":[0,4],"16":[4,4],"17":[2],"18":[0,2],"19":[2,2],"20":[12],"21":[12,2],"22":[0,12],"23":[12,12],"24":[59],"25":[1],"26":[16],"27":[69,69],"28":[16,7],"29":[53,14]}}
}
