TN:
SF:src/proofs/gambit.ts
FN:4,(anonymous_2)
FN:5,(anonymous_3)
FN:85,(anonymous_4)
FN:21,(anonymous_5)
FN:21,(anonymous_6)
FN:22,(anonymous_7)
FN:22,(anonymous_8)
FN:23,(anonymous_9)
FN:27,(anonymous_10)
FN:31,(anonymous_11)
FN:36,(anonymous_12)
FN:40,(anonymous_13)
FN:41,(anonymous_14)
FN:41,(anonymous_15)
FN:49,(anonymous_16)
FN:55,(anonymous_17)
FN:61,(anonymous_18)
FN:66,(anonymous_19)
FN:71,(anonymous_20)
FN:77,(anonymous_21)
FN:78,(anonymous_22)
FN:80,(anonymous_23)
FN:82,(anonymous_24)
FN:90,(anonymous_25)
FN:91,(anonymous_26)
FN:92,(anonymous_27)
FN:103,(anonymous_28)
FN:116,(anonymous_29)
FNF:28
FNH:28
FNDA:88,(anonymous_2)
FNDA:162,(anonymous_3)
FNDA:5,(anonymous_4)
FNDA:4,(anonymous_5)
FNDA:6,(anonymous_6)
FNDA:3,(anonymous_7)
FNDA:6,(anonymous_8)
FNDA:2,(anonymous_9)
FNDA:1,(anonymous_10)
FNDA:1,(anonymous_11)
FNDA:2,(anonymous_12)
FNDA:3,(anonymous_13)
FNDA:4,(anonymous_14)
FNDA:4,(anonymous_15)
FNDA:34,(anonymous_16)
FNDA:2,(anonymous_17)
FNDA:4,(anonymous_18)
FNDA:2,(anonymous_19)
FNDA:12,(anonymous_20)
FNDA:1,(anonymous_21)
FNDA:1,(anonymous_22)
FNDA:2,(anonymous_23)
FNDA:1,(anonymous_24)
FNDA:23,(anonymous_25)
FNDA:69,(anonymous_26)
FNDA:88,(anonymous_27)
FNDA:1,(anonymous_28)
FNDA:53,(anonymous_29)
DA:1,1
DA:4,1
DA:5,88
DA:7,162
DA:8,8
DA:9,8
DA:10,8
DA:13,154
DA:17,1
DA:20,5
DA:21,6
DA:22,6
DA:24,2
DA:25,2
DA:28,1
DA:29,1
DA:32,1
DA:33,1
DA:34,1
DA:37,2
DA:38,2
DA:41,4
DA:42,1
DA:44,2
DA:48,5
DA:50,34
DA:51,1
DA:53,33
DA:56,2
DA:57,1
DA:59,1
DA:62,4
DA:64,0
DA:67,2
DA:69,0
DA:72,12
DA:73,12
DA:75,0
DA:77,1
DA:79,1
DA:81,2
DA:82,1
DA:86,5
DA:90,1
DA:91,23
DA:92,69
DA:94,88
DA:95,88
DA:98,88
DA:101,88
DA:102,59
DA:103,1
DA:104,1
DA:107,58
DA:109,29
DA:112,69
DA:113,16
DA:116,53
LF:58
LH:55
BRDA:7,0,0,8
BRDA:10,1,0,3
BRDA:10,1,1,5
BRDA:10,2,0,8
BRDA:10,2,1,8
BRDA:10,3,0,0
BRDA:10,3,1,8
BRDA:10,4,0,8
BRDA:10,4,1,8
BRDA:13,5,0,30
BRDA:13,5,1,124
BRDA:13,6,0,154
BRDA:13,6,1,154
BRDA:33,7,0,0
BRDA:33,8,0,1
BRDA:33,8,1,0
BRDA:38,9,0,2
BRDA:38,9,1,1
BRDA:41,10,0,1
BRDA:41,11,0,3
BRDA:41,11,1,2
BRDA:50,12,0,1
BRDA:56,13,0,1
BRDA:62,14,0,4
BRDA:62,15,0,0
BRDA:62,15,1,4
BRDA:62,16,0,4
BRDA:62,16,1,4
BRDA:67,17,0,2
BRDA:67,18,0,0
BRDA:67,18,1,2
BRDA:67,19,0,2
BRDA:67,19,1,2
BRDA:72,20,0,12
BRDA:72,21,0,12
BRDA:72,21,1,2
BRDA:73,22,0,0
BRDA:73,22,1,12
BRDA:73,23,0,12
BRDA:73,23,1,12
BRDA:101,24,0,59
BRDA:102,25,0,1
BRDA:112,26,0,16
BRDA:112,27,0,69
BRDA:112,27,1,69
BRDA:113,28,0,16
BRDA:113,28,1,7
BRDA:116,29,0,53
BRDA:116,29,1,14
BRF:49
BRH:43
end_of_record
