TN:
SF:src/rules/gambit.ts
FN:3,(anonymous_0)
FN:5,(anonymous_1)
FN:76,(anonymous_2)
FN:12,(anonymous_3)
FN:12,(anonymous_4)
FN:13,(anonymous_5)
FN:13,(anonymous_6)
FN:14,(anonymous_7)
FN:18,(anonymous_8)
FN:22,(anonymous_9)
FN:27,(anonymous_10)
FN:31,(anonymous_11)
FN:32,(anonymous_12)
FN:32,(anonymous_13)
FN:40,(anonymous_14)
FN:46,(anonymous_15)
FN:52,(anonymous_16)
FN:57,(anonymous_17)
FN:62,(anonymous_18)
FN:68,(anonymous_19)
FN:69,(anonymous_20)
FN:71,(anonymous_21)
FN:73,(anonymous_22)
FN:80,(anonymous_23)
FN:81,(anonymous_24)
FN:82,(anonymous_25)
FN:93,(anonymous_26)
FN:106,(anonymous_27)
FNF:28
FNH:28
FNDA:80,(anonymous_0)
FNDA:138,(anonymous_1)
FNDA:4,(anonymous_2)
FNDA:4,(anonymous_3)
FNDA:6,(anonymous_4)
FNDA:3,(anonymous_5)
FNDA:6,(anonymous_6)
FNDA:2,(anonymous_7)
FNDA:1,(anonymous_8)
FNDA:1,(anonymous_9)
FNDA:2,(anonymous_10)
FNDA:3,(anonymous_11)
FNDA:4,(anonymous_12)
FNDA:4,(anonymous_13)
FNDA:31,(anonymous_14)
FNDA:2,(anonymous_15)
FNDA:4,(anonymous_16)
FNDA:2,(anonymous_17)
FNDA:12,(anonymous_18)
FNDA:1,(anonymous_19)
FNDA:1,(anonymous_20)
FNDA:2,(anonymous_21)
FNDA:1,(anonymous_22)
FNDA:19,(anonymous_23)
FNDA:61,(anonymous_24)
FNDA:80,(anonymous_25)
FNDA:1,(anonymous_26)
FNDA:45,(anonymous_27)
DA:3,1
DA:5,138
DA:8,1
DA:11,4
DA:12,6
DA:13,6
DA:15,2
DA:16,2
DA:19,1
DA:20,1
DA:23,1
DA:24,1
DA:25,1
DA:28,2
DA:29,2
DA:32,4
DA:33,1
DA:35,2
DA:39,4
DA:41,31
DA:42,1
DA:44,30
DA:47,2
DA:48,1
DA:50,1
DA:53,4
DA:55,0
DA:58,2
DA:60,0
DA:63,12
DA:64,12
DA:66,0
DA:68,1
DA:70,1
DA:72,2
DA:73,1
DA:77,4
DA:81,19
DA:82,61
DA:84,80
DA:85,80
DA:88,80
DA:91,80
DA:92,56
DA:93,1
DA:94,1
DA:97,55
DA:99,24
DA:102,61
DA:103,16
DA:106,45
LF:51
LH:48
BRDA:5,0,0,29
BRDA:5,0,1,109
BRDA:5,1,0,138
BRDA:5,1,1,138
BRDA:24,2,0,0
BRDA:24,3,0,1
BRDA:24,3,1,0
BRDA:29,4,0,2
BRDA:29,4,1,1
BRDA:32,5,0,1
BRDA:32,6,0,3
BRDA:32,6,1,2
BRDA:41,7,0,1
BRDA:47,8,0,1
BRDA:53,9,0,4
BRDA:53,10,0,0
BRDA:53,10,1,4
BRDA:53,11,0,4
BRDA:53,11,1,4
BRDA:58,12,0,2
BRDA:58,13,0,0
BRDA:58,13,1,2
BRDA:58,14,0,2
BRDA:58,14,1,2
BRDA:63,15,0,12
BRDA:63,16,0,12
BRDA:63,16,1,2
BRDA:64,17,0,0
BRDA:64,17,1,12
BRDA:64,18,0,12
BRDA:64,18,1,12
BRDA:91,19,0,56
BRDA:92,20,0,1
BRDA:102,21,0,16
BRDA:102,22,0,61
BRDA:102,22,1,61
BRDA:103,23,0,16
BRDA:103,23,1,7
BRDA:106,24,0,45
BRDA:106,24,1,11
BRF:40
BRH:35
end_of_record
